# JRE version: OpenJDK Runtime Environment (17.0.6) (build 17.0.6+0-b2043.56-10027231)
# Java VM: OpenJDK 64-Bit Server VM (17.0.6+0-b2043.56-10027231, mixed mode, tiered, compressed oops, compressed class ptrs, g1 gc, windows-amd64)
GC Precious Log:
 CPUs: 20 total, 20 available
 Memory: 16081M
 Large Page Support: Disabled
 NUMA Support: Disabled
 Compressed Oops: Enabled (32-bit)
 Heap Region Size: 1M
 Heap Min Capacity: 8M
 Heap Initial Capacity: 252M
 Heap Max Capacity: 2G
 Pre-touch: Disabled
 Parallel Workers: 15
 Concurrent Workers: 4
 Concurrent Refinement Workers: 15
 Periodic GC: Disabled
Heap:
 garbage-first heap   total 240640K, used 173426K [0x0000000080000000, 0x0000000100000000)
  region size 1024K, 48 young (49152K), 2 survivors (2048K)
 Metaspace       used 122528K, committed 123456K, reserved 1163264K
  class space    used 16108K, committed 16576K, reserved 1048576K
GC Heap History (20 events):
Event: 9.289 GC heap before
{Heap before GC invocations=37 (full 0):
 garbage-first heap   total 188416K, used 135545K [0x0000000080000000, 0x0000000100000000)
  region size 1024K, 39 young (39936K), 7 survivors (7168K)
 Metaspace       used 107461K, committed 108160K, reserved 1146880K
  class space    used 14447K, committed 14784K, reserved 1048576K
}
Event: 9.293 GC heap after
{Heap after GC invocations=38 (full 0):
 garbage-first heap   total 226304K, used 108323K [0x0000000080000000, 0x0000000100000000)
  region size 1024K, 7 young (7168K), 7 survivors (7168K)
 Metaspace       used 107461K, committed 108160K, reserved 1146880K
  class space    used 14447K, committed 14784K, reserved 1048576K
}
Event: 9.300 GC heap before
{Heap before GC invocations=38 (full 0):
 garbage-first heap   total 226304K, used 123683K [0x0000000080000000, 0x0000000100000000)
  region size 1024K, 8 young (8192K), 7 survivors (7168K)
 Metaspace       used 107541K, committed 108224K, reserved 1146880K
  class space    used 14457K, committed 14784K, reserved 1048576K
}
Event: 9.303 GC heap after
{Heap after GC invocations=39 (full 0):
 garbage-first heap   total 226304K, used 124067K [0x0000000080000000, 0x0000000100000000)
  region size 1024K, 4 young (4096K), 4 survivors (4096K)
 Metaspace       used 107541K, committed 108224K, reserved 1146880K
  class space    used 14457K, committed 14784K, reserved 1048576K
}
Event: 28.445 GC heap before
{Heap before GC invocations=40 (full 0):
 garbage-first heap   total 240640K, used 214179K [0x0000000080000000, 0x0000000100000000)
  region size 1024K, 64 young (65536K), 4 survivors (4096K)
 Metaspace       used 112882K, committed 113536K, reserved 1155072K
  class space    used 15014K, committed 15360K, reserved 1048576K
}
Event: 28.448 GC heap after
{Heap after GC invocations=41 (full 0):
 garbage-first heap   total 240640K, used 109237K [0x0000000080000000, 0x0000000100000000)
  region size 1024K, 7 young (7168K), 7 survivors (7168K)
 Metaspace       used 112882K, committed 113536K, reserved 1155072K
  class space    used 15014K, committed 15360K, reserved 1048576K
}
Event: 28.463 GC heap before
{Heap before GC invocations=41 (full 0):
 garbage-first heap   total 240640K, used 112309K [0x0000000080000000, 0x0000000100000000)
  region size 1024K, 11 young (11264K), 7 survivors (7168K)
 Metaspace       used 112913K, committed 113600K, reserved 1155072K
  class space    used 15016K, committed 15360K, reserved 1048576K
}
Event: 28.466 GC heap after
{Heap after GC invocations=42 (full 0):
 garbage-first heap   total 240640K, used 109315K [0x0000000080000000, 0x0000000100000000)
  region size 1024K, 2 young (2048K), 2 survivors (2048K)
 Metaspace       used 112913K, committed 113600K, reserved 1155072K
  class space    used 15016K, committed 15360K, reserved 1048576K
}
Event: 30.392 GC heap before
{Heap before GC invocations=42 (full 0):
 garbage-first heap   total 240640K, used 195331K [0x0000000080000000, 0x0000000100000000)
  region size 1024K, 87 young (89088K), 2 survivors (2048K)
 Metaspace       used 117041K, committed 117824K, reserved 1155072K
  class space    used 15518K, committed 15936K, reserved 1048576K
}
Event: 30.396 GC heap after
{Heap after GC invocations=43 (full 0):
 garbage-first heap   total 240640K, used 118922K [0x0000000080000000, 0x0000000100000000)
  region size 1024K, 11 young (11264K), 11 survivors (11264K)
 Metaspace       used 117041K, committed 117824K, reserved 1155072K
  class space    used 15518K, committed 15936K, reserved 1048576K
}
Event: 790.131 GC heap before
{Heap before GC invocations=44 (full 0):
 garbage-first heap   total 240640K, used 192650K [0x0000000080000000, 0x0000000100000000)
  region size 1024K, 84 young (86016K), 11 survivors (11264K)
 Metaspace       used 117752K, committed 118592K, reserved 1155072K
  class space    used 15578K, committed 16000K, reserved 1048576K
}
Event: 790.138 GC heap after
{Heap after GC invocations=45 (full 0):
 garbage-first heap   total 240640K, used 124718K [0x0000000080000000, 0x0000000100000000)
  region size 1024K, 7 young (7168K), 7 survivors (7168K)
 Metaspace       used 117752K, committed 118592K, reserved 1155072K
  class space    used 15578K, committed 16000K, reserved 1048576K
}
Event: 790.167 GC heap before
{Heap before GC invocations=45 (full 0):
 garbage-first heap   total 240640K, used 128814K [0x0000000080000000, 0x0000000100000000)
  region size 1024K, 11 young (11264K), 7 survivors (7168K)
 Metaspace       used 117797K, committed 118656K, reserved 1155072K
  class space    used 15579K, committed 16000K, reserved 1048576K
}
Event: 790.170 GC heap after
{Heap after GC invocations=46 (full 0):
 garbage-first heap   total 240640K, used 124150K [0x0000000080000000, 0x0000000100000000)
  region size 1024K, 2 young (2048K), 2 survivors (2048K)
 Metaspace       used 117797K, committed 118656K, reserved 1155072K
  class space    used 15579K, committed 16000K, reserved 1048576K
}
Event: 798.186 GC heap before
{Heap before GC invocations=46 (full 0):
 garbage-first heap   total 240640K, used 194806K [0x0000000080000000, 0x0000000100000000)
  region size 1024K, 72 young (73728K), 2 survivors (2048K)
 Metaspace       used 118178K, committed 119040K, reserved 1155072K
  class space    used 15607K, committed 16064K, reserved 1048576K
}
Event: 798.189 GC heap after
{Heap after GC invocations=47 (full 0):
 garbage-first heap   total 240640K, used 129207K [0x0000000080000000, 0x0000000100000000)
  region size 1024K, 7 young (7168K), 7 survivors (7168K)
 Metaspace       used 118178K, committed 119040K, reserved 1155072K
  class space    used 15607K, committed 16064K, reserved 1048576K
}
Event: 799.219 GC heap before
{Heap before GC invocations=48 (full 0):
 garbage-first heap   total 240640K, used 196791K [0x0000000080000000, 0x0000000100000000)
  region size 1024K, 74 young (75776K), 7 survivors (7168K)
 Metaspace       used 122163K, committed 123008K, reserved 1163264K
  class space    used 16089K, committed 16512K, reserved 1048576K
}
Event: 799.224 GC heap after
{Heap after GC invocations=49 (full 0):
 garbage-first heap   total 240640K, used 136308K [0x0000000080000000, 0x0000000100000000)
  region size 1024K, 8 young (8192K), 8 survivors (8192K)
 Metaspace       used 122163K, committed 123008K, reserved 1163264K
  class space    used 16089K, committed 16512K, reserved 1048576K
}
Event: 799.247 GC heap before
{Heap before GC invocations=49 (full 0):
 garbage-first heap   total 240640K, used 139380K [0x0000000080000000, 0x0000000100000000)
  region size 1024K, 11 young (11264K), 8 survivors (8192K)
 Metaspace       used 122319K, committed 123200K, reserved 1163264K
  class space    used 16096K, committed 16512K, reserved 1048576K
}
Event: 799.252 GC heap after
{Heap after GC invocations=50 (full 0):
 garbage-first heap   total 240640K, used 128370K [0x0000000080000000, 0x0000000100000000)
  region size 1024K, 2 young (2048K), 2 survivors (2048K)
 Metaspace       used 122319K, committed 123200K, reserved 1163264K
  class space    used 16096K, committed 16512K, reserved 1048576K
}

