# JRE version: OpenJDK Runtime Environment (17.0.6) (build 17.0.6+0-b2043.56-10027231)
# Java VM: OpenJDK 64-Bit Server VM (17.0.6+0-b2043.56-10027231, mixed mode, tiered, compressed oops, compressed class ptrs, g1 gc, windows-amd64)
GC Precious Log:
 CPUs: 20 total, 20 available
 Memory: 16081M
 Large Page Support: Disabled
 NUMA Support: Disabled
 Compressed Oops: Enabled (32-bit)
 Heap Region Size: 1M
 Heap Min Capacity: 8M
 Heap Initial Capacity: 252M
 Heap Max Capacity: 2G
 Pre-touch: Disabled
 Parallel Workers: 15
 Concurrent Workers: 4
 Concurrent Refinement Workers: 15
 Periodic GC: Disabled
Heap:
 garbage-first heap   total 215040K, used 78322K [0x0000000080000000, 0x0000000100000000)
  region size 1024K, 3 young (3072K), 3 survivors (3072K)
 Metaspace       used 56644K, committed 57344K, reserved 1105920K
  class space    used 7613K, committed 7936K, reserved 1048576K
GC Heap History (20 events):
Event: 2.282 GC heap after
{Heap after GC invocations=12 (full 0):
 garbage-first heap   total 119808K, used 51217K [0x0000000080000000, 0x0000000100000000)
  region size 1024K, 2 young (2048K), 2 survivors (2048K)
 Metaspace       used 35108K, committed 35520K, reserved 1081344K
  class space    used 4863K, committed 5056K, reserved 1048576K
}
Event: 2.628 GC heap before
{Heap before GC invocations=12 (full 0):
 garbage-first heap   total 119808K, used 89105K [0x0000000080000000, 0x0000000100000000)
  region size 1024K, 40 young (40960K), 2 survivors (2048K)
 Metaspace       used 41906K, committed 42304K, reserved 1089536K
  class space    used 5573K, committed 5760K, reserved 1048576K
}
Event: 2.631 GC heap after
{Heap after GC invocations=13 (full 0):
 garbage-first heap   total 119808K, used 56423K [0x0000000080000000, 0x0000000100000000)
  region size 1024K, 5 young (5120K), 5 survivors (5120K)
 Metaspace       used 41906K, committed 42304K, reserved 1089536K
  class space    used 5573K, committed 5760K, reserved 1048576K
}
Event: 2.695 GC heap before
{Heap before GC invocations=13 (full 0):
 garbage-first heap   total 119808K, used 64615K [0x0000000080000000, 0x0000000100000000)
  region size 1024K, 14 young (14336K), 5 survivors (5120K)
 Metaspace       used 42363K, committed 42816K, reserved 1089536K
  class space    used 5619K, committed 5824K, reserved 1048576K
}
Event: 2.697 GC heap after
{Heap after GC invocations=14 (full 0):
 garbage-first heap   total 119808K, used 58855K [0x0000000080000000, 0x0000000100000000)
  region size 1024K, 2 young (2048K), 2 survivors (2048K)
 Metaspace       used 42363K, committed 42816K, reserved 1089536K
  class space    used 5619K, committed 5824K, reserved 1048576K
}
Event: 3.055 GC heap before
{Heap before GC invocations=15 (full 0):
 garbage-first heap   total 119808K, used 93671K [0x0000000080000000, 0x0000000100000000)
  region size 1024K, 35 young (35840K), 2 survivors (2048K)
 Metaspace       used 46793K, committed 47232K, reserved 1097728K
  class space    used 6190K, committed 6400K, reserved 1048576K
}
Event: 3.057 GC heap after
{Heap after GC invocations=16 (full 0):
 garbage-first heap   total 119808K, used 62506K [0x0000000080000000, 0x0000000100000000)
  region size 1024K, 5 young (5120K), 5 survivors (5120K)
 Metaspace       used 46793K, committed 47232K, reserved 1097728K
  class space    used 6190K, committed 6400K, reserved 1048576K
}
Event: 3.058 GC heap before
{Heap before GC invocations=16 (full 0):
 garbage-first heap   total 119808K, used 62506K [0x0000000080000000, 0x0000000100000000)
  region size 1024K, 6 young (6144K), 5 survivors (5120K)
 Metaspace       used 46793K, committed 47232K, reserved 1097728K
  class space    used 6190K, committed 6400K, reserved 1048576K
}
Event: 3.059 GC heap after
{Heap after GC invocations=17 (full 0):
 garbage-first heap   total 119808K, used 62832K [0x0000000080000000, 0x0000000100000000)
  region size 1024K, 1 young (1024K), 1 survivors (1024K)
 Metaspace       used 46793K, committed 47232K, reserved 1097728K
  class space    used 6190K, committed 6400K, reserved 1048576K
}
Event: 3.321 GC heap before
{Heap before GC invocations=18 (full 0):
 garbage-first heap   total 119808K, used 100720K [0x0000000080000000, 0x0000000100000000)
  region size 1024K, 32 young (32768K), 1 survivors (1024K)
 Metaspace       used 49822K, committed 50304K, reserved 1097728K
  class space    used 6506K, committed 6720K, reserved 1048576K
}
Event: 3.322 GC heap after
{Heap after GC invocations=19 (full 0):
 garbage-first heap   total 119808K, used 72543K [0x0000000080000000, 0x0000000100000000)
  region size 1024K, 4 young (4096K), 4 survivors (4096K)
 Metaspace       used 49822K, committed 50304K, reserved 1097728K
  class space    used 6506K, committed 6720K, reserved 1048576K
}
Event: 3.324 GC heap before
{Heap before GC invocations=19 (full 0):
 garbage-first heap   total 119808K, used 73567K [0x0000000080000000, 0x0000000100000000)
  region size 1024K, 5 young (5120K), 4 survivors (4096K)
 Metaspace       used 49822K, committed 50304K, reserved 1097728K
  class space    used 6506K, committed 6720K, reserved 1048576K
}
Event: 3.326 GC heap after
{Heap after GC invocations=20 (full 0):
 garbage-first heap   total 119808K, used 72662K [0x0000000080000000, 0x0000000100000000)
  region size 1024K, 1 young (1024K), 1 survivors (1024K)
 Metaspace       used 49822K, committed 50304K, reserved 1097728K
  class space    used 6506K, committed 6720K, reserved 1048576K
}
Event: 3.555 GC heap before
{Heap before GC invocations=20 (full 0):
 garbage-first heap   total 119808K, used 97238K [0x0000000080000000, 0x0000000100000000)
  region size 1024K, 26 young (26624K), 1 survivors (1024K)
 Metaspace       used 52405K, committed 53056K, reserved 1097728K
  class space    used 6970K, committed 7296K, reserved 1048576K
}
Event: 3.557 GC heap after
{Heap after GC invocations=21 (full 0):
 garbage-first heap   total 119808K, used 74282K [0x0000000080000000, 0x0000000100000000)
  region size 1024K, 2 young (2048K), 2 survivors (2048K)
 Metaspace       used 52405K, committed 53056K, reserved 1097728K
  class space    used 6970K, committed 7296K, reserved 1048576K
}
Event: 3.792 GC heap before
{Heap before GC invocations=22 (full 0):
 garbage-first heap   total 128000K, used 99882K [0x0000000080000000, 0x0000000100000000)
  region size 1024K, 27 young (27648K), 2 survivors (2048K)
 Metaspace       used 55425K, committed 56064K, reserved 1097728K
  class space    used 7457K, committed 7744K, reserved 1048576K
}
Event: 3.793 GC heap after
{Heap after GC invocations=23 (full 0):
 garbage-first heap   total 128000K, used 75938K [0x0000000080000000, 0x0000000100000000)
  region size 1024K, 4 young (4096K), 4 survivors (4096K)
 Metaspace       used 55425K, committed 56064K, reserved 1097728K
  class space    used 7457K, committed 7744K, reserved 1048576K
}
Event: 3.817 GC heap before
{Heap before GC invocations=23 (full 0):
 garbage-first heap   total 128000K, used 77986K [0x0000000080000000, 0x0000000100000000)
  region size 1024K, 6 young (6144K), 4 survivors (4096K)
 Metaspace       used 55641K, committed 56320K, reserved 1097728K
  class space    used 7496K, committed 7808K, reserved 1048576K
}
Event: 3.819 GC heap after
{Heap after GC invocations=24 (full 0):
 garbage-first heap   total 128000K, used 75929K [0x0000000080000000, 0x0000000100000000)
  region size 1024K, 1 young (1024K), 1 survivors (1024K)
 Metaspace       used 55641K, committed 56320K, reserved 1097728K
  class space    used 7496K, committed 7808K, reserved 1048576K
}
Event: 4.015 GC heap before
{Heap before GC invocations=24 (full 0):
 garbage-first heap   total 128000K, used 104601K [0x0000000080000000, 0x0000000100000000)
  region size 1024K, 30 young (30720K), 1 survivors (1024K)
 Metaspace       used 56644K, committed 57344K, reserved 1105920K
  class space    used 7613K, committed 7936K, reserved 1048576K
}

