# JRE version: OpenJDK Runtime Environment (17.0.6) (build 17.0.6+0-b2043.56-10027231)
# Java VM: OpenJDK 64-Bit Server VM (17.0.6+0-b2043.56-10027231, mixed mode, tiered, compressed oops, compressed class ptrs, g1 gc, windows-amd64)
GC Precious Log:
 CPUs: 20 total, 20 available
 Memory: 16081M
 Large Page Support: Disabled
 NUMA Support: Disabled
 Compressed Oops: Enabled (Zero based)
 Heap Region Size: 2M
 Heap Min Capacity: 8M
 Heap Initial Capacity: 252M
 Heap Max Capacity: 4022M
 Pre-touch: Disabled
 Parallel Workers: 15
 Concurrent Workers: 4
 Concurrent Refinement Workers: 15
 Periodic GC: Disabled
Heap:
 garbage-first heap   total 192512K, used 125375K [0x0000000704a00000, 0x0000000800000000)
  region size 2048K, 34 young (69632K), 1 survivors (2048K)
 Metaspace       used 80629K, committed 81024K, reserved 1122304K
  class space    used 9077K, committed 9280K, reserved 1048576K
GC Heap History (20 events):
Event: 0.960 GC heap before
{Heap before GC invocations=5 (full 0):
 garbage-first heap   total 55296K, used 16646K [0x0000000704a00000, 0x0000000800000000)
  region size 2048K, 6 young (12288K), 5 survivors (10240K)
 Metaspace       used 29115K, committed 29376K, reserved 1081344K
  class space    used 3211K, committed 3328K, reserved 1048576K
}
Event: 0.965 GC heap after
{Heap after GC invocations=6 (full 0):
 garbage-first heap   total 55296K, used 17549K [0x0000000704a00000, 0x0000000800000000)
  region size 2048K, 1 young (2048K), 1 survivors (2048K)
 Metaspace       used 29115K, committed 29376K, reserved 1081344K
  class space    used 3211K, committed 3328K, reserved 1048576K
}
Event: 1.144 GC heap before
{Heap before GC invocations=6 (full 0):
 garbage-first heap   total 55296K, used 42125K [0x0000000704a00000, 0x0000000800000000)
  region size 2048K, 12 young (24576K), 1 survivors (2048K)
 Metaspace       used 32319K, committed 32512K, reserved 1081344K
  class space    used 3889K, committed 3968K, reserved 1048576K
}
Event: 1.150 GC heap after
{Heap after GC invocations=7 (full 0):
 garbage-first heap   total 157696K, used 23491K [0x0000000704a00000, 0x0000000800000000)
  region size 2048K, 2 young (4096K), 2 survivors (4096K)
 Metaspace       used 32319K, committed 32512K, reserved 1081344K
  class space    used 3889K, committed 3968K, reserved 1048576K
}
Event: 1.289 GC heap before
{Heap before GC invocations=7 (full 0):
 garbage-first heap   total 157696K, used 35779K [0x0000000704a00000, 0x0000000800000000)
  region size 2048K, 9 young (18432K), 2 survivors (4096K)
 Metaspace       used 35831K, committed 35968K, reserved 1081344K
  class space    used 4488K, committed 4544K, reserved 1048576K
}
Event: 1.293 GC heap after
{Heap after GC invocations=8 (full 0):
 garbage-first heap   total 157696K, used 24824K [0x0000000704a00000, 0x0000000800000000)
  region size 2048K, 3 young (6144K), 3 survivors (6144K)
 Metaspace       used 35831K, committed 35968K, reserved 1081344K
  class space    used 4488K, committed 4544K, reserved 1048576K
}
Event: 1.744 GC heap before
{Heap before GC invocations=9 (full 0):
 garbage-first heap   total 96256K, used 76024K [0x0000000704a00000, 0x0000000800000000)
  region size 2048K, 28 young (57344K), 3 survivors (6144K)
 Metaspace       used 46645K, committed 46912K, reserved 1097728K
  class space    used 5594K, committed 5760K, reserved 1048576K
}
Event: 1.752 GC heap after
{Heap after GC invocations=10 (full 0):
 garbage-first heap   total 96256K, used 27752K [0x0000000704a00000, 0x0000000800000000)
  region size 2048K, 4 young (8192K), 4 survivors (8192K)
 Metaspace       used 46645K, committed 46912K, reserved 1097728K
  class space    used 5594K, committed 5760K, reserved 1048576K
}
Event: 1.778 GC heap before
{Heap before GC invocations=10 (full 0):
 garbage-first heap   total 96256K, used 29800K [0x0000000704a00000, 0x0000000800000000)
  region size 2048K, 5 young (10240K), 4 survivors (8192K)
 Metaspace       used 47214K, committed 47488K, reserved 1097728K
  class space    used 5686K, committed 5824K, reserved 1048576K
}
Event: 1.783 GC heap after
{Heap after GC invocations=11 (full 0):
 garbage-first heap   total 96256K, used 28590K [0x0000000704a00000, 0x0000000800000000)
  region size 2048K, 1 young (2048K), 1 survivors (2048K)
 Metaspace       used 47214K, committed 47488K, reserved 1097728K
  class space    used 5686K, committed 5824K, reserved 1048576K
}
Event: 2.201 GC heap before
{Heap before GC invocations=11 (full 0):
 garbage-first heap   total 96256K, used 71598K [0x0000000704a00000, 0x0000000800000000)
  region size 2048K, 21 young (43008K), 1 survivors (2048K)
 Metaspace       used 53716K, committed 54016K, reserved 1097728K
  class space    used 6329K, committed 6464K, reserved 1048576K
}
Event: 2.210 GC heap after
{Heap after GC invocations=12 (full 0):
 garbage-first heap   total 159744K, used 36802K [0x0000000704a00000, 0x0000000800000000)
  region size 2048K, 3 young (6144K), 3 survivors (6144K)
 Metaspace       used 53716K, committed 54016K, reserved 1097728K
  class space    used 6329K, committed 6464K, reserved 1048576K
}
Event: 2.725 GC heap before
{Heap before GC invocations=12 (full 0):
 garbage-first heap   total 159744K, used 116674K [0x0000000704a00000, 0x0000000800000000)
  region size 2048K, 42 young (86016K), 3 survivors (6144K)
 Metaspace       used 57108K, committed 57344K, reserved 1105920K
  class space    used 6667K, committed 6784K, reserved 1048576K
}
Event: 2.735 GC heap after
{Heap after GC invocations=13 (full 0):
 garbage-first heap   total 159744K, used 45729K [0x0000000704a00000, 0x0000000800000000)
  region size 2048K, 6 young (12288K), 6 survivors (12288K)
 Metaspace       used 57108K, committed 57344K, reserved 1105920K
  class space    used 6667K, committed 6784K, reserved 1048576K
}
Event: 2.999 GC heap before
{Heap before GC invocations=13 (full 0):
 garbage-first heap   total 159744K, used 78497K [0x0000000704a00000, 0x0000000800000000)
  region size 2048K, 23 young (47104K), 6 survivors (12288K)
 Metaspace       used 60048K, committed 60288K, reserved 1105920K
  class space    used 6983K, committed 7104K, reserved 1048576K
}
Event: 3.009 GC heap after
{Heap after GC invocations=14 (full 0):
 garbage-first heap   total 159744K, used 51486K [0x0000000704a00000, 0x0000000800000000)
  region size 2048K, 3 young (6144K), 3 survivors (6144K)
 Metaspace       used 60048K, committed 60288K, reserved 1105920K
  class space    used 6983K, committed 7104K, reserved 1048576K
}
Event: 3.715 GC heap before
{Heap before GC invocations=15 (full 0):
 garbage-first heap   total 159744K, used 114974K [0x0000000704a00000, 0x0000000800000000)
  region size 2048K, 34 young (69632K), 3 survivors (6144K)
 Metaspace       used 68052K, committed 68416K, reserved 1114112K
  class space    used 7829K, committed 8000K, reserved 1048576K
}
Event: 3.725 GC heap after
{Heap after GC invocations=16 (full 0):
 garbage-first heap   total 159744K, used 59251K [0x0000000704a00000, 0x0000000800000000)
  region size 2048K, 5 young (10240K), 5 survivors (10240K)
 Metaspace       used 68052K, committed 68416K, reserved 1114112K
  class space    used 7829K, committed 8000K, reserved 1048576K
}
Event: 3.749 GC heap before
{Heap before GC invocations=16 (full 0):
 garbage-first heap   total 159744K, used 61299K [0x0000000704a00000, 0x0000000800000000)
  region size 2048K, 6 young (12288K), 5 survivors (10240K)
 Metaspace       used 68538K, committed 68928K, reserved 1114112K
  class space    used 7910K, committed 8064K, reserved 1048576K
}
Event: 3.756 GC heap after
{Heap after GC invocations=17 (full 0):
 garbage-first heap   total 192512K, used 59839K [0x0000000704a00000, 0x0000000800000000)
  region size 2048K, 1 young (2048K), 1 survivors (2048K)
 Metaspace       used 68538K, committed 68928K, reserved 1114112K
  class space    used 7910K, committed 8064K, reserved 1048576K
}

